<?xml version="1.0" encoding="UTF-8" ?>
<testsuite errors="0" failures="0" hostname="Sean-KUbuntu" name="org.intalio.tempo.security.ws.TokenWSGetTokenFromTicketTest" tests="1" time="0.819" timestamp="2009-02-26T17:27:02">
  <properties>
    <property name="java.runtime.name" value="Java(TM) 2 Runtime Environment, Standard Edition" />
    <property name="sun.boot.library.path" value="/opt/jdk1.5.0_16/jre/lib/i386" />
    <property name="java.vm.version" value="1.5.0_16-b02" />
    <property name="ant.version" value="Apache Ant version 1.7.1 compiled on June 27 2008" />
    <property name="ant.java.version" value="1.5" />
    <property name="java.vm.vendor" value="Sun Microsystems Inc." />
    <property name="java.vendor.url" value="http://java.sun.com/" />
    <property name="path.separator" value=":" />
    <property name="java.vm.name" value="Java HotSpot(TM) Server VM" />
    <property name="file.encoding.pkg" value="sun.io" />
    <property name="user.country" value="US" />
    <property name="sun.java.launcher" value="SUN_STANDARD" />
    <property name="sun.os.patch.level" value="unknown" />
    <property name="java.vm.specification.name" value="Java Virtual Machine Specification" />
    <property name="user.dir" value="/git/deploy/security-ws-client" />
    <property name="java.runtime.version" value="1.5.0_16-b02" />
    <property name="java.awt.graphicsenv" value="sun.awt.X11GraphicsEnvironment" />
    <property name="basedir" value="/git/deploy" />
    <property name="java.endorsed.dirs" value="/opt/jdk1.5.0_16/jre/lib/endorsed" />
    <property name="os.arch" value="i386" />
    <property name="java.io.tmpdir" value="/tmp" />
    <property name="ant.core.lib" value="/home/sean/.m2/repository/org/apache/ant/ant/1.7.1/ant-1.7.1.jar" />
    <property name="line.separator" value="
" />
    <property name="java.vm.specification.vendor" value="Sun Microsystems Inc." />
    <property name="os.name" value="Linux" />
    <property name="net.sourceforge.cobertura.datafile" value="/git/deploy/security-ws-client/reports/cobertura.ser" />
    <property name="log4j.configuration" value="log4j.properties.junit" />
    <property name="ant.project.name" value="junit" />
    <property name="sun.jnu.encoding" value="UTF-8" />
    <property name="java.library.path" value="/opt/jdk1.5.0_16/jre/lib/i386/server:/opt/jdk1.5.0_16/jre/lib/i386:/opt/jdk1.5.0_16/jre/../lib/i386:/home/sean/sqllib/lib32" />
    <property name="java.specification.name" value="Java Platform API Specification" />
    <property name="java.class.version" value="49.0" />
    <property name="sun.management.compiler" value="HotSpot Server Compiler" />
    <property name="os.version" value="2.6.24-21-generic" />
    <property name="user.home" value="/home/sean" />
    <property name="user.timezone" value="" />
    <property name="java.awt.printerjob" value="sun.print.PSPrinterJob" />
    <property name="java.specification.version" value="1.5" />
    <property name="file.encoding" value="UTF-8" />
    <property name="java.class.path" value="/git/deploy/security-ws-client/target/instrumented/classes:/home/sean/.m2/repository/commons-httpclient/commons-httpclient/3.1/commons-httpclient-3.1.jar:/home/sean/.m2/repository/commons-codec/commons-codec/1.3/commons-codec-1.3.jar:/home/sean/.m2/repository/castor/castor/1.0/castor-1.0.jar:/home/sean/.m2/repository/log4j/log4j/1.2.15/log4j-1.2.15.jar:/home/sean/.m2/repository/javax/mail/mail/1.4.1/mail-1.4.1.jar:/home/sean/.m2/repository/javax/activation/activation/1.1.1/activation-1.1.1.jar:/home/sean/.m2/repository/xerces/xercesImpl/2.9.1/xercesImpl-2.9.1.jar:/home/sean/.m2/repository/xerces/xmlParserAPIs/2.9.0/xmlParserAPIs-2.9.0.jar:/home/sean/.m2/repository/org/apache/ws/commons/schema/XmlSchema/1.3.1/XmlSchema-1.3.1.jar:/home/sean/.m2/repository/wsdl4j/wsdl4j/1.6.1/wsdl4j-1.6.1.jar:/home/sean/.m2/repository/woodstox/wstx-asl/3.2.4/wstx-asl-3.2.4.jar:/home/sean/.m2/repository/cas/casclient/2.1.1/casclient-2.1.1.jar:/home/sean/.m2/repository/com/googlecode/instinct/instinct/0.1.6/instinct-0.1.6.jar:/home/sean/.m2/repository/org/jmock/jmock/2.5.0/jmock-2.5.0.jar:/home/sean/.m2/repository/org/jmock/jmock-legacy/2.5.0/jmock-legacy-2.5.0.jar:/home/sean/.m2/repository/cglib/cglib-nodep/2.1_3/cglib-nodep-2.1_3.jar:/home/sean/.m2/repository/org/hamcrest/hamcrest-all/1.1/hamcrest-all-1.1.jar:/home/sean/.m2/repository/org/objenesis/objenesis/1.1/objenesis-1.1.jar:/home/sean/.m2/repository/junit/junit/4.4/junit-4.4.jar:/home/sean/.m2/repository/org/apache/ant/ant/1.7.1/ant-1.7.1.jar:/git/deploy/security-ws-client/target/test/classes:/git/deploy/security-ws-client/target/test/resources:/git/deploy/security-ws-client/target/classes:/git/deploy/security/target/deployment-security-6.0.0.33-DEPLOY-CLUSTER.jar:/git/deploy/security-ws-common/target/deployment-security-ws-common-6.0.0.33-DEPLOY-CLUSTER.jar:/home/sean/.m2/repository/org/apache/ws/commons/axiom/axiom-api/1.2.7/axiom-api-1.2.7.jar:/home/sean/.m2/repository/org/apache/ws/commons/axiom/axiom-dom/1.2.7/axiom-dom-1.2.7.jar:/home/sean/.m2/repository/org/apache/ws/commons/axiom/axiom-impl/1.2.7/axiom-impl-1.2.7.jar:/home/sean/.m2/repository/org/apache/axis2/axis2-kernel/1.4/axis2-kernel-1.4.jar:/home/sean/.m2/repository/org/apache/axis2/axis2-adb/1.4/axis2-adb-1.4.jar:/home/sean/.m2/repository/org/apache/axis2/axis2-xmlbeans/1.4/axis2-xmlbeans-1.4.jar:/home/sean/.m2/repository/org/apache/axis2/axis2-json/1.4/axis2-json-1.4.jar:/home/sean/.m2/repository/backport-util-concurrent/backport-util-concurrent/3.1/backport-util-concurrent-3.1.jar:/home/sean/.m2/repository/org/apache/neethi/neethi/2.0.4/neethi-2.0.4.jar:/home/sean/.m2/repository/org/slf4j/slf4j-api/1.4.3/slf4j-api-1.4.3.jar:/home/sean/.m2/repository/org/slf4j/slf4j-log4j12/1.4.3/slf4j-log4j12-1.4.3.jar:/home/sean/.m2/repository/org/slf4j/jcl104-over-slf4j/1.4.3/jcl104-over-slf4j-1.4.3.jar:/home/sean/.m2/repository/stax/stax-api/1.0.1/stax-api-1.0.1.jar:/home/sean/.m2/repository/org/springframework/spring/2.5.5/spring-2.5.5.jar:/home/sean/.m2/repository/jmock/jmock/1.2.0/jmock-1.2.0.jar:/home/sean/.m2/repository/net/sourceforge/cobertura/cobertura/1.9/cobertura-1.9.jar:/home/sean/.m2/repository/log4j/log4j/1.2.9/log4j-1.2.9.jar:/home/sean/.m2/repository/asm/asm/2.2.1/asm-2.2.1.jar:/home/sean/.m2/repository/asm/asm-tree/2.2.1/asm-tree-2.2.1.jar:/home/sean/.m2/repository/oro/oro/2.0.8/oro-2.0.8.jar:/home/sean/sqllib/java/db2java.zip:/home/sean/sqllib/java/db2jcc.jar:/home/sean/sqllib/java/sqlj.zip:/home/sean/sqllib/function:/home/sean/sqllib/java/db2jcc_license_cu.jar:/git/deploy:/home/sean/.m2/repository/org/apache/ant/ant-launcher/1.7.1/ant-launcher-1.7.1.jar:/home/sean/.m2/repository/org/apache/ant/ant-junit/1.7.1/ant-junit-1.7.1.jar" />
    <property name="user.name" value="sean" />
    <property name="java.vm.specification.version" value="1.0" />
    <property name="java.home" value="/opt/jdk1.5.0_16/jre" />
    <property name="sun.arch.data.model" value="32" />
    <property name="java.specification.vendor" value="Sun Microsystems Inc." />
    <property name="user.language" value="en" />
    <property name="java.vm.info" value="mixed mode" />
    <property name="java.version" value="1.5.0_16" />
    <property name="java.ext.dirs" value="/opt/jdk1.5.0_16/jre/lib/ext" />
    <property name="sun.boot.class.path" value="/opt/jdk1.5.0_16/jre/lib/rt.jar:/opt/jdk1.5.0_16/jre/lib/i18n.jar:/opt/jdk1.5.0_16/jre/lib/sunrsasign.jar:/opt/jdk1.5.0_16/jre/lib/jsse.jar:/opt/jdk1.5.0_16/jre/lib/jce.jar:/opt/jdk1.5.0_16/jre/lib/charsets.jar:/opt/jdk1.5.0_16/jre/classes" />
    <property name="java.vendor" value="Sun Microsystems Inc." />
    <property name="file.separator" value="/" />
    <property name="java.vendor.url.bug" value="http://java.sun.com/cgi-bin/bugreport.cgi" />
    <property name="sun.cpu.endian" value="little" />
    <property name="sun.io.unicode.encoding" value="UnicodeLittle" />
    <property name="sun.cpu.isalist" value="" />
  </properties>
  <testcase classname="org.intalio.tempo.security.ws.TokenWSGetTokenFromTicketTest" name="getTokenFromTicket" time="0.566" />
  <system-out><![CDATA[]]></system-out>
  <system-err><![CDATA[]]></system-err>
</testsuite>
